In file included from [01m[K/home/shabelson/st4_ws/src/abb_node/src/../include/abb_node.h:14:0[m[K,
                 from [01m[K/home/shabelson/st4_ws/src/abb_node/src/abb_node.cpp:11[m[K:
[01m[K/home/shabelson/st4_ws/src/abb_node/src/../include/../include/abb_node_services.h:6:10:[m[K [01;31m[Kfatal error: [m[Kabb_node/robot_GetCartesian.h: No such file or directory
 #include [01;31m[K"abb_node/robot_GetCartesian.h"[m[K
          [01;31m[K^~~~~~~~~~~~~~~~~~~~~~~~~~~~~~~[m[K
compilation terminated.
make[2]: *** [CMakeFiles/abb_node.dir/src/abb_node.cpp.o] Error 1
make[1]: *** [CMakeFiles/abb_node.dir/all] Error 2
make[1]: *** Waiting for unfinished jobs....
make: *** [all] Error 2
