[01m[K/home/shabelson/st4_ws/src/abb_HW_interface/src/abb_hw_main.cpp:[m[K In function '[01m[Kint main(int, char**)[m[K':
[01m[K/home/shabelson/st4_ws/src/abb_HW_interface/src/abb_hw_main.cpp:17:131:[m[K [01;31m[Kerror: [m[Kinvalid new-expression of abstract class type '[01m[Kros_control_boilerplate::GenericHWInterface[m[K'
   std::shared_ptr<ros_control_boilerplate::GenericHWInterface> gen_hw_interface(new ros_control_boilerplate::GenericHWInterface(nh[01;31m[K)[m[K);
                                                                                                                                   [01;31m[K^[m[K
In file included from [01m[K/home/shabelson/st4_ws/src/abb_HW_interface/include/abb_HW_interface/abb_hw_interface.h:8:0[m[K,
                 from [01m[K/home/shabelson/st4_ws/src/abb_HW_interface/src/abb_hw_main.cpp:3[m[K:
[01m[K/home/shabelson/st4_ws/src/ros_control_boilerplate/include/ros_control_boilerplate/generic_hw_interface.h:63:7:[m[K [01;36m[Knote: [m[K  because the following virtual functions are pure within '[01m[Kros_control_boilerplate::GenericHWInterface[m[K':
 class [01;36m[KGenericHWInterface[m[K : public hardware_interface::RobotHW
       [01;36m[K^~~~~~~~~~~~~~~~~~[m[K
[01m[K/home/shabelson/st4_ws/src/ros_control_boilerplate/include/ros_control_boilerplate/generic_hw_interface.h:82:16:[m[K [01;36m[Knote: [m[K	virtual void ros_control_boilerplate::GenericHWInterface::read(ros::Duration&)
   virtual void [01;36m[Kread[m[K(ros::Duration& elapsed_time) = 0;
                [01;36m[K^~~~[m[K
[01m[K/home/shabelson/st4_ws/src/ros_control_boilerplate/include/ros_control_boilerplate/generic_hw_interface.h:98:16:[m[K [01;36m[Knote: [m[K	virtual void ros_control_boilerplate::GenericHWInterface::write(ros::Duration&)
   virtual void [01;36m[Kwrite[m[K(ros::Duration& elapsed_time) = 0;
                [01;36m[K^~~~~[m[K
[01m[K/home/shabelson/st4_ws/src/ros_control_boilerplate/include/ros_control_boilerplate/generic_hw_interface.h:149:16:[m[K [01;36m[Knote: [m[K	virtual void ros_control_boilerplate::GenericHWInterface::enforceLimits(ros::Duration&)
   virtual void [01;36m[KenforceLimits[m[K(ros::Duration& period) = 0;
                [01;36m[K^~~~~~~~~~~~~[m[K
[01m[K/home/shabelson/st4_ws/src/abb_HW_interface/src/abb_hw_main.cpp:22:82:[m[K [01;31m[Kerror: [m[Kno matching function for call to '[01m[Kros_control_boilerplate::GenericHWControlLoop::GenericHWControlLoop(ros::NodeHandle&, std::shared_ptr<ros_control_boilerplate::GenericHWInterface>&)[m[K'
   ros_control_boilerplate::GenericHWControlLoop control_loop (nh,gen_hw_interface[01;31m[K)[m[K;
                                                                                  [01;31m[K^[m[K
In file included from [01m[K/home/shabelson/st4_ws/src/abb_HW_interface/src/abb_hw_main.cpp:2:0[m[K:
[01m[K/home/shabelson/st4_ws/src/ros_control_boilerplate/include/ros_control_boilerplate/generic_hw_control_loop.h:64:3:[m[K [01;36m[Knote: [m[Kcandidate: ros_control_boilerplate::GenericHWControlLoop::GenericHWControlLoop(ros::NodeHandle&, boost::shared_ptr<hardware_interface::RobotHW>)
   [01;36m[KGenericHWControlLoop[m[K(
   [01;36m[K^~~~~~~~~~~~~~~~~~~~[m[K
[01m[K/home/shabelson/st4_ws/src/ros_control_boilerplate/include/ros_control_boilerplate/generic_hw_control_loop.h:64:3:[m[K [01;36m[Knote: [m[K  no known conversion for argument 2 from '[01m[Kstd::shared_ptr<ros_control_boilerplate::GenericHWInterface>[m[K' to '[01m[Kboost::shared_ptr<hardware_interface::RobotHW>[m[K'
[01m[K/home/shabelson/st4_ws/src/ros_control_boilerplate/include/ros_control_boilerplate/generic_hw_control_loop.h:56:7:[m[K [01;36m[Knote: [m[Kcandidate: ros_control_boilerplate::GenericHWControlLoop::GenericHWControlLoop(const ros_control_boilerplate::GenericHWControlLoop&)
 class [01;36m[KGenericHWControlLoop[m[K
       [01;36m[K^~~~~~~~~~~~~~~~~~~~[m[K
[01m[K/home/shabelson/st4_ws/src/ros_control_boilerplate/include/ros_control_boilerplate/generic_hw_control_loop.h:56:7:[m[K [01;36m[Knote: [m[K  candidate expects 1 argument, 2 provided
[01m[K/home/shabelson/st4_ws/src/ros_control_boilerplate/include/ros_control_boilerplate/generic_hw_control_loop.h:56:7:[m[K [01;36m[Knote: [m[Kcandidate: ros_control_boilerplate::GenericHWControlLoop::GenericHWControlLoop(ros_control_boilerplate::GenericHWControlLoop&&)
[01m[K/home/shabelson/st4_ws/src/ros_control_boilerplate/include/ros_control_boilerplate/generic_hw_control_loop.h:56:7:[m[K [01;36m[Knote: [m[K  candidate expects 1 argument, 2 provided
make[2]: *** [CMakeFiles/abb_hw_main.dir/src/abb_hw_main.cpp.o] Error 1
make[1]: *** [CMakeFiles/abb_hw_main.dir/all] Error 2
make: *** [all] Error 2
